<?xml version="1.0" encoding="UTF-8"?>
<testsuite name="MyQueueTest" tests="1" skipped="0" failures="0" errors="0" timestamp="2021-05-07T06:09:00" hostname="LAPTOP-Q9T3UUC8" time="0.028">
  <properties/>
  <testcase name="given3NumbersInQueueWhenEnqueueShouldBeDoneByFIFO()" classname="MyQueueTest" time="0.028"/>
  <system-out><![CDATA[]]></system-out>
  <system-err><![CDATA[]]></system-err>
</testsuite>
