<?xml version="1.0" encoding="UTF-8"?>
<testsuite name="MyStackTest" tests="1" skipped="0" failures="0" errors="0" timestamp="2021-05-07T05:07:27" hostname="LAPTOP-Q9T3UUC8" time="0.239">
  <properties/>
  <testcase name="given3NumbersWhenAddedToTheStackShouldHaveLastAddedNode()" classname="MyStackTest" time="0.239"/>
  <system-out><![CDATA[My Nodes: null->null->null
]]></system-out>
  <system-err><![CDATA[]]></system-err>
</testsuite>
